<?xml version="1.0" encoding="UTF-8"?>
<robot generator="Robot 5.0.1 (Python 3.10.6 on win32)" generated="20221021 10:59:06.898" rpa="false" schemaversion="3">
<suite id="s1" name="Order" source="D:\Bootcamp dojobox\Web Auto Robot\Project RObot\ProjectRobotFinal\suites\order.robot">
<test id="s1-t1" name="User Should be Able to Order Product" line="9">
<kw name="Open Browser With Google Chrome" library="DemoStore_keywordregister" type="SETUP">
<kw name="Open Browser" library="SeleniumLibrary">
<arg>url=${DEMOSAUCE_URL}</arg>
<arg>browser=${DEMOSAUCE_BROWSER}</arg>
<doc>Opens a new browser instance to the optional ``url``.</doc>
<msg timestamp="20221021 10:59:07.097" level="INFO">Opening browser 'gc' to base url 'http://automationpractice.com/index.php'.</msg>
<status status="PASS" starttime="20221021 10:59:07.096" endtime="20221021 10:59:18.831"/>
</kw>
<status status="PASS" starttime="20221021 10:59:07.096" endtime="20221021 10:59:18.831"/>
</kw>
<kw name="Click Sign In Menu" library="DemoStore_keywordregister">
<kw name="Click Element" library="SeleniumLibrary">
<arg>${SignInMenu}</arg>
<doc>Click the element identified by ``locator``.</doc>
<msg timestamp="20221021 10:59:18.832" level="INFO">Clicking element '//*[@class="login"]'.</msg>
<status status="PASS" starttime="20221021 10:59:18.831" endtime="20221021 10:59:22.617"/>
</kw>
<status status="PASS" starttime="20221021 10:59:18.831" endtime="20221021 10:59:22.617"/>
</kw>
<kw name="Input Username Field" library="DemoStore_keywordlogin">
<kw name="Input Text" library="SeleniumLibrary">
<arg>${Email}</arg>
<arg>text=arkawicak@gmail.com</arg>
<doc>Types the given ``text`` into the text field identified by ``locator``.</doc>
<msg timestamp="20221021 10:59:22.618" level="INFO">Typing text 'arkawicak@gmail.com' into text field '//input[@id="email"]'.</msg>
<status status="PASS" starttime="20221021 10:59:22.618" endtime="20221021 10:59:22.729"/>
</kw>
<status status="PASS" starttime="20221021 10:59:22.618" endtime="20221021 10:59:22.729"/>
</kw>
<kw name="Input Password Field" library="DemoStore_keywordlogin">
<kw name="Input Text" library="SeleniumLibrary">
<arg>${Password}</arg>
<arg>text=12345</arg>
<doc>Types the given ``text`` into the text field identified by ``locator``.</doc>
<msg timestamp="20221021 10:59:22.730" level="INFO">Typing text '12345' into text field '//input[@id="passwd"]'.</msg>
<status status="PASS" starttime="20221021 10:59:22.730" endtime="20221021 10:59:22.813"/>
</kw>
<status status="PASS" starttime="20221021 10:59:22.730" endtime="20221021 10:59:22.813"/>
</kw>
<kw name="Click Login Button" library="DemoStore_keywordlogin">
<kw name="Click Element" library="SeleniumLibrary">
<arg>${Login}</arg>
<doc>Click the element identified by ``locator``.</doc>
<msg timestamp="20221021 10:59:22.814" level="INFO">Clicking element '//*[@id="SubmitLogin"]'.</msg>
<status status="PASS" starttime="20221021 10:59:22.814" endtime="20221021 10:59:25.509"/>
</kw>
<status status="PASS" starttime="20221021 10:59:22.814" endtime="20221021 10:59:25.509"/>
</kw>
<kw name="Click Element Women" library="DemoStore_keywordOrder">
<kw name="Click Element" library="SeleniumLibrary">
<arg>${WomenButton}</arg>
<doc>Click the element identified by ``locator``.</doc>
<msg timestamp="20221021 10:59:25.511" level="INFO">Clicking element '//*[@title="Women" and text()="Women"]'.</msg>
<status status="PASS" starttime="20221021 10:59:25.509" endtime="20221021 10:59:28.392"/>
</kw>
<status status="PASS" starttime="20221021 10:59:25.509" endtime="20221021 10:59:28.392"/>
</kw>
<kw name="Check Element Cart Is Appears" library="DemoStore_keywordOrder">
<kw name="Element Should Be Visible" library="SeleniumLibrary">
<arg>${CartElement}</arg>
<doc>Verifies that the element identified by ``locator`` is visible.</doc>
<msg timestamp="20221021 10:59:28.420" level="INFO">Element '//*[@title="Add to cart" and @data-id-product="1"]' is displayed.</msg>
<status status="PASS" starttime="20221021 10:59:28.393" endtime="20221021 10:59:28.420"/>
</kw>
<status status="PASS" starttime="20221021 10:59:28.392" endtime="20221021 10:59:28.420"/>
</kw>
<kw name="Click Element Cart" library="DemoStore_keywordOrder">
<kw name="Click Element" library="SeleniumLibrary">
<arg>${CartButton}</arg>
<doc>Click the element identified by ``locator``.</doc>
<msg timestamp="20221021 10:59:28.422" level="INFO">Clicking element '//*[@title="Add to cart" and @data-id-product="1"]'.</msg>
<status status="PASS" starttime="20221021 10:59:28.422" endtime="20221021 10:59:28.465"/>
</kw>
<status status="PASS" starttime="20221021 10:59:28.422" endtime="20221021 10:59:28.465"/>
</kw>
<kw name="Close Google Chrome Browser" library="DemoStore_keywordregister" type="TEARDOWN">
<kw name="Close Browser" library="SeleniumLibrary">
<doc>Closes the current browser.</doc>
<status status="PASS" starttime="20221021 10:59:28.466" endtime="20221021 10:59:30.645"/>
</kw>
<status status="PASS" starttime="20221021 10:59:28.466" endtime="20221021 10:59:30.646"/>
</kw>
<status status="PASS" starttime="20221021 10:59:07.095" endtime="20221021 10:59:30.646"/>
</test>
<status status="PASS" starttime="20221021 10:59:06.899" endtime="20221021 10:59:30.649"/>
</suite>
<statistics>
<total>
<stat pass="1" fail="0" skip="0">All Tests</stat>
</total>
<tag>
</tag>
<suite>
<stat pass="1" fail="0" skip="0" id="s1" name="Order">Order</stat>
</suite>
</statistics>
<errors>
</errors>
</robot>
