<?xml version="1.0" encoding="UTF-8"?>
<robot generator="Robot 5.0.1 (Python 3.10.6 on win32)" generated="20221013 21:16:42.207" rpa="false" schemaversion="3">
<suite id="s1" name="Contact Us" source="D:\Bootcamp dojobox\Web Auto Robot\Project RObot\ProjectRobotFinal\suites\contact_us.robot">
<test id="s1-t1" name="User Should Be Enter valid Contact" line="8">
<kw name="Open Browser With Google Chrome" library="DemoStore_keywordregister" type="SETUP">
<kw name="Open Browser" library="SeleniumLibrary">
<arg>url=${DEMOSAUCE_URL}</arg>
<arg>browser=${DEMOSAUCE_BROWSER}</arg>
<doc>Opens a new browser instance to the optional ``url``.</doc>
<msg timestamp="20221013 21:16:42.631" level="INFO">Opening browser 'gc' to base url 'http://automationpractice.com/index.php'.</msg>
<status status="PASS" starttime="20221013 21:16:42.630" endtime="20221013 21:16:54.930"/>
</kw>
<status status="PASS" starttime="20221013 21:16:42.629" endtime="20221013 21:16:54.930"/>
</kw>
<kw name="Click Contact Us Menu" library="DemoStore_keywordcontact">
<kw name="Click Element" library="SeleniumLibrary">
<arg>${ContactUsMenu}</arg>
<doc>Click the element identified by ``locator``.</doc>
<msg timestamp="20221013 21:16:54.933" level="INFO">Clicking element '//*[@id='contact-link']'.</msg>
<status status="PASS" starttime="20221013 21:16:54.932" endtime="20221013 21:16:57.963"/>
</kw>
<status status="PASS" starttime="20221013 21:16:54.931" endtime="20221013 21:16:57.964"/>
</kw>
<kw name="Verify Contact Us Page" library="DemoStore_keywordcontact">
<kw name="Location Should Be" library="SeleniumLibrary">
<arg>${Contact_URL}</arg>
<doc>Verifies that the current URL is exactly ``url``.</doc>
<msg timestamp="20221013 21:16:57.979" level="INFO">Current location is 'http://automationpractice.com/index.php?controller=contact'.</msg>
<status status="PASS" starttime="20221013 21:16:57.965" endtime="20221013 21:16:57.979"/>
</kw>
<status status="PASS" starttime="20221013 21:16:57.964" endtime="20221013 21:16:57.980"/>
</kw>
<kw name="Verify Select Subject Heading" library="DemoStore_keywordcontact">
<kw name="Select From List By Value" library="SeleniumLibrary">
<arg>${SubjectHeading}</arg>
<arg>2</arg>
<doc>Selects options from selection list ``locator`` by ``values``.</doc>
<msg timestamp="20221013 21:16:57.982" level="INFO">Selecting options from selection list '//*[@id='id_contact']' by value 2.</msg>
<status status="PASS" starttime="20221013 21:16:57.981" endtime="20221013 21:16:58.154"/>
</kw>
<status status="PASS" starttime="20221013 21:16:57.980" endtime="20221013 21:16:58.156"/>
</kw>
<kw name="Verify Input Email" library="DemoStore_keywordcontact">
<kw name="Input Text" library="SeleniumLibrary">
<arg>${Email}</arg>
<arg>text=arkawicak@gmail.com</arg>
<doc>Types the given ``text`` into the text field identified by ``locator``.</doc>
<msg timestamp="20221013 21:16:58.158" level="INFO">Typing text 'arkawicak@gmail.com' into text field '//*[@id='email']'.</msg>
<status status="PASS" starttime="20221013 21:16:58.157" endtime="20221013 21:16:58.414"/>
</kw>
<status status="PASS" starttime="20221013 21:16:58.156" endtime="20221013 21:16:58.414"/>
</kw>
<kw name="Verify Input Order Reference" library="DemoStore_keywordcontact">
<kw name="Input Text" library="SeleniumLibrary">
<arg>${OrderRef}</arg>
<arg>text=belajartest</arg>
<doc>Types the given ``text`` into the text field identified by ``locator``.</doc>
<msg timestamp="20221013 21:16:58.416" level="INFO">Typing text 'belajartest' into text field '//*[@id='id_order']'.</msg>
<status status="PASS" starttime="20221013 21:16:58.416" endtime="20221013 21:16:58.616"/>
</kw>
<status status="PASS" starttime="20221013 21:16:58.415" endtime="20221013 21:16:58.617"/>
</kw>
<kw name="Verify Upload File" library="DemoStore_keywordcontact">
<kw name="Choose File" library="SeleniumLibrary">
<arg>${Upload}</arg>
<arg>D:/Bootcamp dojobox/Web Auto Robot/Project RObot/ProjectRobotFinal/Resources/Aset/Planet9_3840x2160.jpg</arg>
<doc>Inputs the ``file_path`` into the file input field ``locator``.</doc>
<msg timestamp="20221013 21:16:58.619" level="INFO">Sending D:\Bootcamp dojobox\Web Auto Robot\Project RObot\ProjectRobotFinal\Resources\Aset\Planet9_3840x2160.jpg to browser.</msg>
<status status="PASS" starttime="20221013 21:16:58.618" endtime="20221013 21:16:58.716"/>
</kw>
<status status="PASS" starttime="20221013 21:16:58.617" endtime="20221013 21:16:58.716"/>
</kw>
<kw name="Verify Input Message" library="DemoStore_keywordcontact">
<kw name="Input Text" library="SeleniumLibrary">
<arg>${Message}</arg>
<arg>text=saya baru belajar</arg>
<doc>Types the given ``text`` into the text field identified by ``locator``.</doc>
<msg timestamp="20221013 21:16:58.718" level="INFO">Typing text 'saya baru belajar' into text field '//*[@id='message']'.</msg>
<status status="PASS" starttime="20221013 21:16:58.718" endtime="20221013 21:16:58.946"/>
</kw>
<status status="PASS" starttime="20221013 21:16:58.717" endtime="20221013 21:16:58.946"/>
</kw>
<kw name="Verify Click Button Send" library="DemoStore_keywordcontact">
<kw name="Click Element" library="SeleniumLibrary">
<arg>${Send}</arg>
<doc>Click the element identified by ``locator``.</doc>
<msg timestamp="20221013 21:16:58.947" level="INFO">Clicking element '//*[@id='submitMessage']'.</msg>
<status status="PASS" starttime="20221013 21:16:58.947" endtime="20221013 21:17:25.298"/>
</kw>
<status status="PASS" starttime="20221013 21:16:58.946" endtime="20221013 21:17:25.299"/>
</kw>
<kw name="Verify Success Message" library="DemoStore_keywordcontact">
<kw name="Wait Until Element Is Visible" library="SeleniumLibrary">
<arg>${SuccessMessage}</arg>
<doc>Waits until the element ``locator`` is visible.</doc>
<status status="PASS" starttime="20221013 21:17:25.300" endtime="20221013 21:17:25.362"/>
</kw>
<kw name="Element Should Be Visible" library="SeleniumLibrary">
<arg>${SuccessMessage}</arg>
<doc>Verifies that the element identified by ``locator`` is visible.</doc>
<msg timestamp="20221013 21:17:25.391" level="INFO">Element '//*[@class='alert alert-success']' is displayed.</msg>
<status status="PASS" starttime="20221013 21:17:25.362" endtime="20221013 21:17:25.391"/>
</kw>
<status status="PASS" starttime="20221013 21:17:25.299" endtime="20221013 21:17:25.391"/>
</kw>
<kw name="Close Google Chrome Browser" library="DemoStore_keywordregister" type="TEARDOWN">
<kw name="Close Browser" library="SeleniumLibrary">
<doc>Closes the current browser.</doc>
<status status="PASS" starttime="20221013 21:17:25.394" endtime="20221013 21:17:28.747"/>
</kw>
<status status="PASS" starttime="20221013 21:17:25.394" endtime="20221013 21:17:28.747"/>
</kw>
<status status="PASS" starttime="20221013 21:16:42.627" endtime="20221013 21:17:28.747"/>
</test>
<status status="PASS" starttime="20221013 21:16:42.208" endtime="20221013 21:17:28.751"/>
</suite>
<statistics>
<total>
<stat pass="1" fail="0" skip="0">All Tests</stat>
</total>
<tag>
</tag>
<suite>
<stat pass="1" fail="0" skip="0" id="s1" name="Contact Us">Contact Us</stat>
</suite>
</statistics>
<errors>
</errors>
</robot>
